#
# There is insufficient memory for the Java Runtime Environment to continue.
# Native memory allocation (malloc) failed to allocate 1078576 bytes for Chunk::new
# Possible reasons:
#   The system is out of physical RAM or swap space
#   In 32 bit mode, the process size limit was hit
# Possible solutions:
#   Reduce memory load on the system
#   Increase physical memory or swap space
#   Check if swap backing store is full
#   Use 64 bit Java on a 64 bit OS
#   Decrease Java heap size (-Xmx/-Xms)
#   Decrease number of Java threads
#   Decrease Java thread stack sizes (-Xss)
#   Set larger code cache with -XX:ReservedCodeCacheSize=
# This output file may be truncated or incomplete.
#
#  Out of Memory Error (allocation.cpp:390), pid=8276, tid=0x0000000000002a3c
#
# JRE version: OpenJDK Runtime Environment (8.0_152-b01) (build 1.8.0_152-release-1248-b01)
# Java VM: OpenJDK 64-Bit Server VM (25.152-b01 mixed mode windows-amd64 compressed oops)
# Failed to write core dump. Minidumps are not enabled by default on client versions of Windows
#

---------------  T H R E A D  ---------------

Current thread (0x0000000016212800):  JavaThread "C2 CompilerThread1" daemon [_thread_in_native, id=10812, stack(0x0000000017970000,0x0000000017a70000)]

Stack: [0x0000000017970000,0x0000000017a70000]
[error occurred during error reporting (printing stack bounds), id 0xc0000005]

Native frames: (J=compiled Java code, j=interpreted, Vv=VM code, C=native code)


Current CompileTask:
C2:1084615 24335   !   4       com.android.dx.cf.code.RopperMachine::run (1608 bytes)


---------------  P R O C E S S  ---------------

Java Threads: ( => current thread )
  0x00000000242c6000 JavaThread "ForkJoinPool.commonPool-worker-3" daemon [_thread_blocked, id=2956, stack(0x0000000030320000,0x0000000030420000)]
  0x00000000242c0000 JavaThread "ForkJoinPool.commonPool-worker-2" daemon [_thread_blocked, id=2740, stack(0x0000000030220000,0x0000000030320000)]
  0x00000000242c1000 JavaThread "ForkJoinPool.commonPool-worker-1" daemon [_thread_in_native, id=10188, stack(0x0000000030120000,0x0000000030220000)]
  0x000000001d69d000 JavaThread "Cache worker for Java compile cache (C:\Users\a\Desktop\BTL_ANDROID_NV\Andoird_GitHub\Android_NangCao-master\.gradle\4.1\javaCompile)" [_thread_blocked, id=2192, stack(0x000000002fd20000,0x000000002fe20000)]
  0x000000001d69b800 JavaThread "Task worker for ':' Thread 3" [_thread_blocked, id=8196, stack(0x000000002ef20000,0x000000002f020000)]
  0x000000001d694000 JavaThread "Task worker for ':' Thread 2" [_thread_blocked, id=1056, stack(0x000000002ee20000,0x000000002ef20000)]
  0x000000001d69a800 JavaThread "Task worker for ':'" [_thread_blocked, id=9160, stack(0x000000002ed20000,0x000000002ee20000)]
  0x000000001d693000 JavaThread "Cache worker for task history cache (C:\Users\a\Desktop\BTL_ANDROID_NV\Andoird_GitHub\Android_NangCao-master\.gradle\4.1\taskHistory)" [_thread_blocked, id=2616, stack(0x000000002ec20000,0x000000002ed20000)]
  0x000000001d69a000 JavaThread "Cache worker for file content cache (C:\Users\a\Desktop\BTL_ANDROID_NV\Andoird_GitHub\Android_NangCao-master\.gradle\4.1\fileContent)" [_thread_blocked, id=1168, stack(0x000000002eb20000,0x000000002ec20000)]
  0x000000001d692800 JavaThread "build operations Thread 4" [_thread_blocked, id=6664, stack(0x000000002ea20000,0x000000002eb20000)]
  0x000000001d699000 JavaThread "build operations Thread 3" [_thread_blocked, id=10212, stack(0x000000002e920000,0x000000002ea20000)]
  0x000000001d698800 JavaThread "build operations Thread 2" [_thread_blocked, id=7304, stack(0x000000002e820000,0x000000002e920000)]
  0x000000001d691800 JavaThread "build operations" [_thread_blocked, id=10288, stack(0x000000002e720000,0x000000002e820000)]
  0x000000001d691000 JavaThread "Cache worker for Artifact transforms cache (C:\Users\a\.gradle\caches\transforms-1)" [_thread_blocked, id=10368, stack(0x000000002e620000,0x000000002e720000)]
  0x000000001d697800 JavaThread "Cache worker for file hash cache (C:\Users\a\Desktop\BTL_ANDROID_NV\Andoird_GitHub\Android_NangCao-master\.gradle\4.1\fileHashes)" [_thread_blocked, id=2248, stack(0x000000002e520000,0x000000002e620000)]
  0x000000001d696000 JavaThread "Asynchronous log dispatcher for DefaultDaemonConnection: socket connection from /127.0.0.1:55064 to /127.0.0.1:55639" [_thread_blocked, id=6300, stack(0x000000002e320000,0x000000002e420000)]
  0x000000001947a800 JavaThread "Daemon worker Thread 6" [_thread_blocked, id=7916, stack(0x000000002e220000,0x000000002e320000)]
  0x000000001947d000 JavaThread "Cancel handler" [_thread_blocked, id=7348, stack(0x000000002e120000,0x000000002e220000)]
  0x000000001947a000 JavaThread "Handler for socket connection from /127.0.0.1:55064 to /127.0.0.1:55639" [_thread_in_native, id=7520, stack(0x000000002e020000,0x000000002e120000)]
  0x0000000019481000 JavaThread "Daemon Thread 5" [_thread_blocked, id=4116, stack(0x000000002df20000,0x000000002e020000)]
  0x000000001947d800 JavaThread "Memory manager" [_thread_blocked, id=2888, stack(0x0000000020950000,0x0000000020a50000)]
  0x0000000019bed800 JavaThread "File lock request listener" [_thread_in_native, id=8208, stack(0x000000001bab0000,0x000000001bbb0000)]
  0x000000001953b800 JavaThread "Cache worker for file hash cache (C:\Users\a\.gradle\caches\4.1\fileHashes)" [_thread_blocked, id=4172, stack(0x000000001b9b0000,0x000000001bab0000)]
  0x0000000018f0a000 JavaThread "Daemon periodic checks" [_thread_blocked, id=10116, stack(0x000000001b0b0000,0x000000001b1b0000)]
  0x000000001964d000 JavaThread "Incoming local TCP Connector on port 55064" [_thread_in_native, id=2080, stack(0x0000000019940000,0x0000000019a40000)]
  0x0000000017b98800 JavaThread "Service Thread" daemon [_thread_blocked, id=7460, stack(0x0000000017f70000,0x0000000018070000)]
  0x0000000016213800 JavaThread "C1 CompilerThread2" daemon [_thread_blocked, id=8660, stack(0x0000000017a70000,0x0000000017b70000)]
=>0x0000000016212800 JavaThread "C2 CompilerThread1" daemon [_thread_in_native, id=10812, stack(0x0000000017970000,0x0000000017a70000)]
  0x0000000016218000 JavaThread "C2 CompilerThread0" daemon [_thread_blocked, id=9752, stack(0x0000000017870000,0x0000000017970000)]
  0x0000000016216800 JavaThread "Attach Listener" daemon [_thread_blocked, id=2724, stack(0x0000000017770000,0x0000000017870000)]
  0x0000000016215000 JavaThread "Signal Dispatcher" daemon [_thread_blocked, id=4740, stack(0x0000000017670000,0x0000000017770000)]
  0x00000000161f9800 JavaThread "Finalizer" daemon [_thread_blocked, id=7092, stack(0x0000000017470000,0x0000000017570000)]
  0x0000000002871800 JavaThread "Reference Handler" daemon [_thread_blocked, id=5632, stack(0x0000000017370000,0x0000000017470000)]
  0x000000000277e000 JavaThread "main" [_thread_blocked, id=7080, stack(0x0000000002630000,0x0000000002730000)]

Other Threads:
  0x00000000161d6000 VMThread [stack: 0x0000000017270000,0x0000000017370000] [id=4016]
  0x000000001624d000 WatcherThread [stack: 0x0000000018070000,0x0000000018170000] [id=11036]

VM state:at safepoint (normal execution)

VM Mutex/Monitor currently owned by a thread:  ([mutex/lock_event])
[0x000000000277c910] Threads_lock - owner thread: 0x00000000161d6000
[0x0000000002780150] Compile_lock - owner thread: 0x00000000242c6000

Heap:
 PSYoungGen      total 400896K, used 234246K [0x00000000e0000000, 0x00000000fbb80000, 0x0000000100000000)
  eden space 367104K, 62% used [0x00000000e0000000,0x00000000ede6e600,0x00000000f6680000)
  from space 33792K, 19% used [0x00000000f7f00000,0x00000000f8553480,0x00000000fa000000)
  to   space 25088K, 0% used [0x00000000f6680000,0x00000000f6680000,0x00000000f7f00000)
 ParOldGen       total 139776K, used 124774K [0x00000000a0000000, 0x00000000a8880000, 0x00000000e0000000)
  object space 139776K, 89% used [0x00000000a0000000,0x00000000a79d98b8,0x00000000a8880000)
 Metaspace       used 99951K, capacity 105158K, committed 105304K, reserved 1140736K
  class space    used 12293K, capacity 13348K, committed 13400K, reserved 1048576K

Card table byte_map: [0x0000000011c40000,0x0000000011f50000] byte_map_base: 0x0000000011740000

Marking Bits: (ParMarkBitMap*) 0x0000000065db5aa0
 Begin Bits: [0x0000000012550000, 0x0000000013d50000)
 End Bits:   [0x0000000013d50000, 0x0000000015550000)

Polling page: 0x0000000002730000

CodeCache: size=245760Kb used=68825Kb max_used=71366Kb free=176934Kb
 bounds [0x0000000002880000, 0x0000000006e90000, 0x0000000011880000]
 total_blobs=19456 nmethods=18596 adapters=771
 compilation: enabled

Compilation events (10 events):
Event: 1084.510 Thread 0x0000000016218000 24343       4       com.android.dx.dex.file.ValueEncoder::addContents (75 bytes)
Event: 1084.517 Thread 0x0000000016218000 nmethod 24343 0x0000000003f2e5d0 code [0x0000000003f2e780, 0x0000000003f2eba0]
Event: 1084.520 Thread 0x0000000016213800 24344       3       sun.nio.fs.WindowsPath::getNameCount (10 bytes)
Event: 1084.520 Thread 0x0000000016213800 nmethod 24344 0x0000000005767750 code [0x00000000057678c0, 0x0000000005767a68]
Event: 1084.521 Thread 0x0000000016213800 24345       3       com.android.dx.rop.code.Rops::opNewArray (124 bytes)
Event: 1084.522 Thread 0x0000000016213800 nmethod 24345 0x0000000003d3b090 code [0x0000000003d3b2e0, 0x0000000003d3c148]
Event: 1084.564 Thread 0x0000000016218000 24346       4       com.android.dx.cf.code.Simulator::access$200 (6 bytes)
Event: 1084.580 Thread 0x0000000016218000 nmethod 24346 0x00000000067791d0 code [0x0000000006779380, 0x0000000006779b58]
Event: 1084.580 Thread 0x0000000016218000 24347       4       java.lang.StringBuilder::setLength (6 bytes)
Event: 1084.584 Thread 0x0000000016218000 nmethod 24347 0x00000000066e24d0 code [0x00000000066e2620, 0x00000000066e2958]

GC Heap History (10 events):
Event: 1077.523 GC heap before
{Heap before GC invocations=47 (full 4):
 PSYoungGen      total 387072K, used 361144K [0x00000000e0000000, 0x00000000fa000000, 0x0000000100000000)
  eden space 353280K, 100% used [0x00000000e0000000,0x00000000f5900000,0x00000000f5900000)
  from space 33792K, 23% used [0x00000000f7f00000,0x00000000f86ae0a0,0x00000000fa000000)
  to   space 36352K, 0% used [0x00000000f5900000,0x00000000f5900000,0x00000000f7c80000)
 ParOldGen       total 139776K, used 127515K [0x00000000a0000000, 0x00000000a8880000, 0x00000000e0000000)
  object space 139776K, 91% used [0x00000000a0000000,0x00000000a7c86eb8,0x00000000a8880000)
 Metaspace       used 99931K, capacity 105188K, committed 105304K, reserved 1140736K
  class space    used 12298K, capacity 13359K, committed 13400K, reserved 1048576K
Event: 1077.547 GC heap after
Heap after GC invocations=47 (full 4):
 PSYoungGen      total 389632K, used 6096K [0x00000000e0000000, 0x00000000fa000000, 0x0000000100000000)
  eden space 353280K, 0% used [0x00000000e0000000,0x00000000e0000000,0x00000000f5900000)
  from space 36352K, 16% used [0x00000000f5900000,0x00000000f5ef4070,0x00000000f7c80000)
  to   space 33792K, 0% used [0x00000000f7f00000,0x00000000f7f00000,0x00000000fa000000)
 ParOldGen       total 139776K, used 133339K [0x00000000a0000000, 0x00000000a8880000, 0x00000000e0000000)
  object space 139776K, 95% used [0x00000000a0000000,0x00000000a8236ed8,0x00000000a8880000)
 Metaspace       used 99931K, capacity 105188K, committed 105304K, reserved 1140736K
  class space    used 12298K, capacity 13359K, committed 13400K, reserved 1048576K
}
Event: 1077.547 GC heap before
{Heap before GC invocations=48 (full 5):
 PSYoungGen      total 389632K, used 6096K [0x00000000e0000000, 0x00000000fa000000, 0x0000000100000000)
  eden space 353280K, 0% used [0x00000000e0000000,0x00000000e0000000,0x00000000f5900000)
  from space 36352K, 16% used [0x00000000f5900000,0x00000000f5ef4070,0x00000000f7c80000)
  to   space 33792K, 0% used [0x00000000f7f00000,0x00000000f7f00000,0x00000000fa000000)
 ParOldGen       total 139776K, used 133339K [0x00000000a0000000, 0x00000000a8880000, 0x00000000e0000000)
  object space 139776K, 95% used [0x00000000a0000000,0x00000000a8236ed8,0x00000000a8880000)
 Metaspace       used 99931K, capacity 105188K, committed 105304K, reserved 1140736K
  class space    used 12298K, capacity 13359K, committed 13400K, reserved 1048576K
Event: 1079.057 GC heap after
Heap after GC invocations=48 (full 5):
 PSYoungGen      total 389632K, used 0K [0x00000000e0000000, 0x00000000fa000000, 0x0000000100000000)
  eden space 353280K, 0% used [0x00000000e0000000,0x00000000e0000000,0x00000000f5900000)
  from space 36352K, 0% used [0x00000000f5900000,0x00000000f5900000,0x00000000f7c80000)
  to   space 33792K, 0% used [0x00000000f7f00000,0x00000000f7f00000,0x00000000fa000000)
 ParOldGen       total 139776K, used 110396K [0x00000000a0000000, 0x00000000a8880000, 0x00000000e0000000)
  object space 139776K, 78% used [0x00000000a0000000,0x00000000a6bcf3b0,0x00000000a8880000)
 Metaspace       used 99900K, capacity 105082K, committed 105304K, reserved 1140736K
  class space    used 12288K, capacity 13346K, committed 13400K, reserved 1048576K
}
Event: 1080.417 GC heap before
{Heap before GC invocations=49 (full 5):
 PSYoungGen      total 389632K, used 353280K [0x00000000e0000000, 0x00000000fa000000, 0x0000000100000000)
  eden space 353280K, 100% used [0x00000000e0000000,0x00000000f5900000,0x00000000f5900000)
  from space 36352K, 0% used [0x00000000f5900000,0x00000000f5900000,0x00000000f7c80000)
  to   space 33792K, 0% used [0x00000000f7f00000,0x00000000f7f00000,0x00000000fa000000)
 ParOldGen       total 139776K, used 110396K [0x00000000a0000000, 0x00000000a8880000, 0x00000000e0000000)
  object space 139776K, 78% used [0x00000000a0000000,0x00000000a6bcf3b0,0x00000000a8880000)
 Metaspace       used 99905K, capacity 105082K, committed 105304K, reserved 1140736K
  class space    used 12289K, capacity 13346K, committed 13400K, reserved 1048576K
Event: 1080.437 GC heap after
Heap after GC invocations=49 (full 5):
 PSYoungGen      total 387072K, used 9904K [0x00000000e0000000, 0x00000000fa000000, 0x0000000100000000)
  eden space 353280K, 0% used [0x00000000e0000000,0x00000000e0000000,0x00000000f5900000)
  from space 33792K, 29% used [0x00000000f7f00000,0x00000000f88ac0c0,0x00000000fa000000)
  to   space 36352K, 0% used [0x00000000f5900000,0x00000000f5900000,0x00000000f7c80000)
 ParOldGen       total 139776K, used 110404K [0x00000000a0000000, 0x00000000a8880000, 0x00000000e0000000)
  object space 139776K, 78% used [0x00000000a0000000,0x00000000a6bd13b0,0x00000000a8880000)
 Metaspace       used 99905K, capacity 105082K, committed 105304K, reserved 1140736K
  class space    used 12289K, capacity 13346K, committed 13400K, reserved 1048576K
}
Event: 1081.470 GC heap before
{Heap before GC invocations=50 (full 5):
 PSYoungGen      total 387072K, used 363184K [0x00000000e0000000, 0x00000000fa000000, 0x0000000100000000)
  eden space 353280K, 100% used [0x00000000e0000000,0x00000000f5900000,0x00000000f5900000)
  from space 33792K, 29% used [0x00000000f7f00000,0x00000000f88ac0c0,0x00000000fa000000)
  to   space 36352K, 0% used [0x00000000f5900000,0x00000000f5900000,0x00000000f7c80000)
 ParOldGen       total 139776K, used 110732K [0x00000000a0000000, 0x00000000a8880000, 0x00000000e0000000)
  object space 139776K, 79% used [0x00000000a0000000,0x00000000a6c23310,0x00000000a8880000)
 Metaspace       used 99906K, capacity 105082K, committed 105304K, reserved 1140736K
  class space    used 12289K, capacity 13346K, committed 13400K, reserved 1048576K
Event: 1081.498 GC heap after
Heap after GC invocations=50 (full 5):
 PSYoungGen      total 389632K, used 5870K [0x00000000e0000000, 0x00000000fa000000, 0x0000000100000000)
  eden space 353280K, 0% used [0x00000000e0000000,0x00000000e0000000,0x00000000f5900000)
  from space 36352K, 16% used [0x00000000f5900000,0x00000000f5ebbad0,0x00000000f7c80000)
  to   space 33792K, 0% used [0x00000000f7f00000,0x00000000f7f00000,0x00000000fa000000)
 ParOldGen       total 139776K, used 119405K [0x00000000a0000000, 0x00000000a8880000, 0x00000000e0000000)
  object space 139776K, 85% used [0x00000000a0000000,0x00000000a749b560,0x00000000a8880000)
 Metaspace       used 99906K, capacity 105082K, committed 105304K, reserved 1140736K
  class space    used 12289K, capacity 13346K, committed 13400K, reserved 1048576K
}
Event: 1082.423 GC heap before
{Heap before GC invocations=51 (full 5):
 PSYoungGen      total 389632K, used 359150K [0x00000000e0000000, 0x00000000fa000000, 0x0000000100000000)
  eden space 353280K, 100% used [0x00000000e0000000,0x00000000f5900000,0x00000000f5900000)
  from space 36352K, 16% used [0x00000000f5900000,0x00000000f5ebbad0,0x00000000f7c80000)
  to   space 33792K, 0% used [0x00000000f7f00000,0x00000000f7f00000,0x00000000fa000000)
 ParOldGen       total 139776K, used 119407K [0x00000000a0000000, 0x00000000a8880000, 0x00000000e0000000)
  object space 139776K, 85% used [0x00000000a0000000,0x00000000a749bde8,0x00000000a8880000)
 Metaspace       used 99910K, capacity 105082K, committed 105304K, reserved 1140736K
  class space    used 12289K, capacity 13346K, committed 13400K, reserved 1048576K
Event: 1082.455 GC heap after
Heap after GC invocations=51 (full 5):
 PSYoungGen      total 400896K, used 6477K [0x00000000e0000000, 0x00000000fbb80000, 0x0000000100000000)
  eden space 367104K, 0% used [0x00000000e0000000,0x00000000e0000000,0x00000000f6680000)
  from space 33792K, 19% used [0x00000000f7f00000,0x00000000f8553480,0x00000000fa000000)
  to   space 25088K, 0% used [0x00000000f6680000,0x00000000f6680000,0x00000000f7f00000)
 ParOldGen       total 139776K, used 124774K [0x00000000a0000000, 0x00000000a8880000, 0x00000000e0000000)
  object space 139776K, 89% used [0x00000000a0000000,0x00000000a79d98b8,0x00000000a8880000)
 Metaspace       used 99910K, capacity 105082K, committed 105304K, reserved 1140736K
  class space    used 12289K, capacity 13346K, committed 13400K, reserved 1048576K
}

Deoptimization events (10 events):
Event: 1083.748 Thread 0x00000000242c6000 Uncommon trap: reason=class_check action=maybe_recompile pc=0x0000000006da8c58 method=java.util.stream.StreamSpliterators$WrappingSpliterator.lambda$initPartialTraversalState$0()Z @ 8
Event: 1083.748 Thread 0x00000000242c6000 Uncommon trap: reason=bimorphic action=maybe_recompile pc=0x0000000003f2b5b8 method=java.util.stream.Sink$ChainedReference.cancellationRequested()Z @ 4
Event: 1083.748 Thread 0x00000000242c6000 Uncommon trap: reason=class_check action=maybe_recompile pc=0x0000000006da8c58 method=java.util.stream.StreamSpliterators$WrappingSpliterator.lambda$initPartialTraversalState$0()Z @ 8
Event: 1083.749 Thread 0x00000000242c6000 Uncommon trap: reason=bimorphic action=maybe_recompile pc=0x0000000003f2b5b8 method=java.util.stream.Sink$ChainedReference.cancellationRequested()Z @ 4
Event: 1083.749 Thread 0x00000000242c6000 Uncommon trap: reason=class_check action=maybe_recompile pc=0x0000000006da8c58 method=java.util.stream.StreamSpliterators$WrappingSpliterator.lambda$initPartialTraversalState$0()Z @ 8
Event: 1083.749 Thread 0x00000000242c6000 Uncommon trap: reason=bimorphic action=maybe_recompile pc=0x0000000003f2b5b8 method=java.util.stream.Sink$ChainedReference.cancellationRequested()Z @ 4
Event: 1083.749 Thread 0x00000000242c6000 Uncommon trap: reason=class_check action=maybe_recompile pc=0x0000000006da8c58 method=java.util.stream.StreamSpliterators$WrappingSpliterator.lambda$initPartialTraversalState$0()Z @ 8
Event: 1084.034 Thread 0x00000000242c0000 Uncommon trap: reason=unstable_if action=reinterpret pc=0x0000000006703c38 method=com.android.dx.util.ByteArrayAnnotatedOutput.ensureCapacity(I)V @ 6
Event: 1084.140 Thread 0x00000000242c6000 Uncommon trap: reason=unstable_if action=reinterpret pc=0x00000000068f0cdc method=com.android.dx.cf.code.LineNumberList.pcToLine(I)I @ 43
Event: 1084.140 Thread 0x00000000242c6000 Uncommon trap: reason=unstable_if action=reinterpret pc=0x0000000006455a50 method=com.android.dx.cf.code.LineNumberList.pcToLine(I)I @ 43

Classes redefined (0 events):
No events

Internal exceptions (10 events):
Event: 1084.474 Thread 0x00000000242c1000 Exception <a 'sun/nio/fs/WindowsException'> (0x00000000ec5df990) thrown at [D:\src\AOSP-openjdk-cygwin\jdk8u\hotspot\src\share\vm\prims\jni.cpp, line 709]
Event: 1084.504 Thread 0x00000000242c1000 Exception <a 'sun/nio/fs/WindowsException'> (0x00000000ec6d1f00) thrown at [D:\src\AOSP-openjdk-cygwin\jdk8u\hotspot\src\share\vm\prims\jni.cpp, line 709]
Event: 1084.506 Thread 0x00000000242c0000 Exception <a 'sun/nio/fs/WindowsException'> (0x00000000ec1eaa18) thrown at [D:\src\AOSP-openjdk-cygwin\jdk8u\hotspot\src\share\vm\prims\jni.cpp, line 709]
Event: 1084.524 Thread 0x00000000242c6000 Exception <a 'sun/nio/fs/WindowsException'> (0x00000000ec49c458) thrown at [D:\src\AOSP-openjdk-cygwin\jdk8u\hotspot\src\share\vm\prims\jni.cpp, line 709]
Event: 1084.526 Thread 0x00000000242c0000 Exception <a 'sun/nio/fs/WindowsException'> (0x00000000ec78ca78) thrown at [D:\src\AOSP-openjdk-cygwin\jdk8u\hotspot\src\share\vm\prims\jni.cpp, line 709]
Event: 1084.547 Thread 0x00000000242c1000 Exception <a 'sun/nio/fs/WindowsException'> (0x00000000eccfda20) thrown at [D:\src\AOSP-openjdk-cygwin\jdk8u\hotspot\src\share\vm\prims\jni.cpp, line 709]
Event: 1084.555 Thread 0x00000000242c0000 Exception <a 'sun/nio/fs/WindowsException'> (0x00000000ec8c7ac0) thrown at [D:\src\AOSP-openjdk-cygwin\jdk8u\hotspot\src\share\vm\prims\jni.cpp, line 709]
Event: 1084.567 Thread 0x00000000242c1000 Exception <a 'sun/nio/fs/WindowsException'> (0x00000000ed16b018) thrown at [D:\src\AOSP-openjdk-cygwin\jdk8u\hotspot\src\share\vm\prims\jni.cpp, line 709]
Event: 1084.588 Thread 0x00000000242c0000 Exception <a 'sun/nio/fs/WindowsException'> (0x00000000ed274738) thrown at [D:\src\AOSP-openjdk-cygwin\jdk8u\hotspot\src\share\vm\prims\jni.cpp, line 709]
Event: 1084.596 Thread 0x00000000242c1000 Exception <a 'sun/nio/fs/WindowsException'> (0x00000000ed7b5dc0) thrown at [D:\src\AOSP-openjdk-cygwin\jdk8u\hotspot\src\share\vm\prims\jni.cpp, line 709]

Events (10 events):
Event: 1084.034 Thread 0x00000000242c0000 DEOPT PACKING pc=0x0000000006703c38 sp=0x000000003031e930
Event: 1084.034 Thread 0x00000000242c0000 DEOPT UNPACKING pc=0x00000000028c557b sp=0x000000003031e868 mode 2
Event: 1084.099 Thread 0x00000000242c6000 DEOPT PACKING pc=0x0000000002ad94e4 sp=0x000000003041e760
Event: 1084.099 Thread 0x00000000242c6000 DEOPT UNPACKING pc=0x00000000028c75d0 sp=0x000000003041e618 mode 0
Event: 1084.140 Thread 0x00000000242c6000 Uncommon trap: trap_request=0xffffff65 fr.pc=0x00000000068f0cdc
Event: 1084.140 Thread 0x00000000242c6000 DEOPT PACKING pc=0x00000000068f0cdc sp=0x000000003041e490
Event: 1084.140 Thread 0x00000000242c6000 DEOPT UNPACKING pc=0x00000000028c557b sp=0x000000003041e330 mode 2
Event: 1084.140 Thread 0x00000000242c6000 Uncommon trap: trap_request=0xffffff65 fr.pc=0x0000000006455a50
Event: 1084.140 Thread 0x00000000242c6000 DEOPT PACKING pc=0x0000000006455a50 sp=0x000000003041e330
Event: 1084.140 Thread 0x00000000242c6000 DEOPT UNPACKING pc=0x00000000028c557b sp=0x000000003041e2b0 mode 2


Dynamic libraries:
0x00007ff7c9fe0000 - 0x00007ff7ca011000 	C:\Program Files\Android\Android Studio\jre\bin\java.exe
0x00007ffc6e9c0000 - 0x00007ffc6ebad000 	C:\WINDOWS\SYSTEM32\ntdll.dll
0x00007ffc6c080000 - 0x00007ffc6c133000 	C:\WINDOWS\System32\KERNEL32.DLL
0x00007ffc6ad20000 - 0x00007ffc6afb3000 	C:\WINDOWS\System32\KERNELBASE.dll
0x00007ffc6e830000 - 0x00007ffc6e8d3000 	C:\WINDOWS\System32\ADVAPI32.dll
0x00007ffc6e720000 - 0x00007ffc6e7be000 	C:\WINDOWS\System32\msvcrt.dll
0x00007ffc6e0c0000 - 0x00007ffc6e15e000 	C:\WINDOWS\System32\sechost.dll
0x00007ffc6d980000 - 0x00007ffc6daa2000 	C:\WINDOWS\System32\RPCRT4.dll
0x00007ffc6dd80000 - 0x00007ffc6df17000 	C:\WINDOWS\System32\USER32.dll
0x00007ffc6b060000 - 0x00007ffc6b080000 	C:\WINDOWS\System32\win32u.dll
0x00007ffc6e090000 - 0x00007ffc6e0b9000 	C:\WINDOWS\System32\GDI32.dll
0x00007ffc6b080000 - 0x00007ffc6b21a000 	C:\WINDOWS\System32\gdi32full.dll
0x00007ffc6afc0000 - 0x00007ffc6b060000 	C:\WINDOWS\System32\msvcp_win.dll
0x00007ffc6ab10000 - 0x00007ffc6ac0a000 	C:\WINDOWS\System32\ucrtbase.dll
0x00007ffc5d090000 - 0x00007ffc5d309000 	C:\WINDOWS\WinSxS\amd64_microsoft.windows.common-controls_6595b64144ccf1df_6.0.17763.379_none_05b83be8071c94a1\COMCTL32.dll
0x00007ffc6c140000 - 0x00007ffc6c46d000 	C:\WINDOWS\System32\combase.dll
0x00007ffc6aa90000 - 0x00007ffc6ab0e000 	C:\WINDOWS\System32\bcryptPrimitives.dll
0x00007ffc6bee0000 - 0x00007ffc6bf0e000 	C:\WINDOWS\System32\IMM32.DLL
0x0000000065510000 - 0x00000000655e2000 	C:\Program Files\Android\Android Studio\jre\jre\bin\msvcr100.dll
0x00000000655f0000 - 0x0000000065e31000 	C:\Program Files\Android\Android Studio\jre\jre\bin\server\jvm.dll
0x00007ffc6df20000 - 0x00007ffc6df28000 	C:\WINDOWS\System32\PSAPI.DLL
0x00007ffc66320000 - 0x00007ffc66344000 	C:\WINDOWS\SYSTEM32\WINMM.dll
0x00007ffc5c8b0000 - 0x00007ffc5c8b9000 	C:\WINDOWS\SYSTEM32\WSOCK32.dll
0x00007ffc61580000 - 0x00007ffc6158a000 	C:\WINDOWS\SYSTEM32\VERSION.dll
0x00007ffc6e7c0000 - 0x00007ffc6e82d000 	C:\WINDOWS\System32\WS2_32.dll
0x00007ffc662f0000 - 0x00007ffc6631d000 	C:\WINDOWS\SYSTEM32\WINMMBASE.dll
0x00007ffc6bba0000 - 0x00007ffc6bbea000 	C:\WINDOWS\System32\cfgmgr32.dll
0x00007ffc67f60000 - 0x00007ffc67f6f000 	C:\Program Files\Android\Android Studio\jre\jre\bin\verify.dll
0x00007ffc66430000 - 0x00007ffc66459000 	C:\Program Files\Android\Android Studio\jre\jre\bin\java.dll
0x00007ffc67f20000 - 0x00007ffc67f36000 	C:\Program Files\Android\Android Studio\jre\jre\bin\zip.dll
0x00007ffc6c490000 - 0x00007ffc6d980000 	C:\WINDOWS\System32\SHELL32.dll
0x00007ffc6dba0000 - 0x00007ffc6dc48000 	C:\WINDOWS\System32\shcore.dll
0x00007ffc6b450000 - 0x00007ffc6bb9a000 	C:\WINDOWS\System32\windows.storage.dll
0x00007ffc6a9e0000 - 0x00007ffc6aa04000 	C:\WINDOWS\System32\profapi.dll
0x00007ffc6aa30000 - 0x00007ffc6aa8d000 	C:\WINDOWS\System32\powrprof.dll
0x00007ffc6e6c0000 - 0x00007ffc6e712000 	C:\WINDOWS\System32\shlwapi.dll
0x00007ffc6aa10000 - 0x00007ffc6aa21000 	C:\WINDOWS\System32\kernel.appcore.dll
0x00007ffc6b430000 - 0x00007ffc6b447000 	C:\WINDOWS\System32\cryptsp.dll
0x00007ffc5fb80000 - 0x00007ffc5fb9a000 	C:\Program Files\Android\Android Studio\jre\jre\bin\net.dll
0x00007ffc6a240000 - 0x00007ffc6a2a7000 	C:\WINDOWS\system32\mswsock.dll
0x00007ffc5fb60000 - 0x00007ffc5fb71000 	C:\Program Files\Android\Android Studio\jre\jre\bin\nio.dll
0x00007ffc58080000 - 0x00007ffc5809e000 	C:\Users\a\.gradle\native\25\windows-amd64\native-platform.dll
0x00007ffc64ab0000 - 0x00007ffc64abd000 	C:\Program Files\Android\Android Studio\jre\jre\bin\management.dll
0x00007ffc69e00000 - 0x00007ffc69e33000 	C:\WINDOWS\system32\rsaenh.dll
0x00007ffc6b400000 - 0x00007ffc6b426000 	C:\WINDOWS\System32\bcrypt.dll
0x00007ffc6a8f0000 - 0x00007ffc6a918000 	C:\WINDOWS\SYSTEM32\USERENV.dll
0x00007ffc6a410000 - 0x00007ffc6a41c000 	C:\WINDOWS\SYSTEM32\CRYPTBASE.dll
0x00007ffc69fa0000 - 0x00007ffc69fdd000 	C:\WINDOWS\SYSTEM32\IPHLPAPI.DLL
0x00007ffc6bda0000 - 0x00007ffc6bda8000 	C:\WINDOWS\System32\NSI.dll
0x00007ffc62310000 - 0x00007ffc62326000 	C:\WINDOWS\SYSTEM32\dhcpcsvc6.DLL
0x00007ffc622f0000 - 0x00007ffc6230c000 	C:\WINDOWS\SYSTEM32\dhcpcsvc.DLL
0x00007ffc69fe0000 - 0x00007ffc6a0a6000 	C:\WINDOWS\SYSTEM32\DNSAPI.dll
0x00007ffc5f990000 - 0x00007ffc5f9b4000 	C:\Program Files\Android\Android Studio\jre\jre\bin\sunec.dll
0x00007ffc5eb00000 - 0x00007ffc5eb0a000 	C:\Windows\System32\rasadhlp.dll
0x00007ffc5fe10000 - 0x00007ffc5fe89000 	C:\WINDOWS\System32\fwpuclnt.dll
0x00007ffc5fa00000 - 0x00007ffc5fa0b000 	C:\Program Files\Android\Android Studio\jre\jre\bin\sunmscapi.dll
0x00007ffc6b220000 - 0x00007ffc6b3fb000 	C:\WINDOWS\System32\CRYPT32.dll
0x00007ffc6a9c0000 - 0x00007ffc6a9d2000 	C:\WINDOWS\System32\MSASN1.dll
0x00007ffc68330000 - 0x00007ffc683bc000 	C:\WINDOWS\system32\apphelp.dll

VM Arguments:
jvm_args: -Xmx1536m -Dfile.encoding=windows-1252 -Duser.country=US -Duser.language=en -Duser.variant 
java_command: org.gradle.launcher.daemon.bootstrap.GradleDaemon 4.1
java_class_path (initial): C:\Users\a\.gradle\wrapper\dists\gradle-4.1-all\bzyivzo6n839fup2jbap0tjew\gradle-4.1\lib\gradle-launcher-4.1.jar
Launcher Type: SUN_STANDARD

Environment Variables:
JAVA_HOME=C:\Program Files\Java\jdk-11.0.1
PATH=C:\WINDOWS\system32;C:\WINDOWS;C:\WINDOWS\System32\Wbem;C:\WINDOWS\System32\WindowsPowerShell\v1.0\;C:\Program Files\Microsoft SQL Server\120\DTS\Binn\;C:\Program Files\Microsoft SQL Server\Client SDK\ODBC\110\Tools\Binn\;C:\Program Files (x86)\Microsoft SQL Server\120\Tools\Binn\;"C:\Program Files\Microsoft SQL Server\120\Tools\Binn\;C:\Program Files\Java\jdk-11.0.1\bin\";C:\Program Files (x86)\Microsoft SQL Server\120\Tools\Binn\ManagementStudio\;C:\Program Files (x86)\Microsoft SQL Server\120\DTS\Binn\;C:\Program Files\dotnet\;C:\Program Files\Microsoft SQL Server\130\Tools\Binn\;C:\WINDOWS\System32\OpenSSH\;C:\Program Files\nodejs\;C:\Program Files\Git\cmd;C:\ProgramData\ComposerSetup\bin;C:\Program Files (x86)\CodeBlocks\MinGW\bin;C:\Users\a\AppData\Local\Microsoft\WindowsApps;D:\xampp\php;C:\Users\a\AppData\Local\Programs\Microsoft VS Code\bin;C:\Users\a\AppData\Roaming\npm;C:\Users\a\AppData\Roaming\Composer\vendor\bin
USERNAME=DinhChung
OS=Windows_NT
PROCESSOR_IDENTIFIER=Intel64 Family 6 Model 142 Stepping 9, GenuineIntel



---------------  S Y S T E M  ---------------

OS: Windows 10.0 , 64 bit Build 17763 (10.0.17763.379)

CPU:total 4 (initial active 4) (2 cores per cpu, 2 threads per core) family 6 model 142 stepping 9, cmov, cx8, fxsr, mmx, sse, sse2, sse3, ssse3, sse4.1, sse4.2, popcnt, avx, avx2, aes, clmul, erms, 3dnowpref, lzcnt, ht, tsc, tscinvbit, bmi1, bmi2, adx

Memory: 4k page, physical 4071948k(368064k free), swap 8266252k(5760k free)

vm_info: OpenJDK 64-Bit Server VM (25.152-b01) for windows-amd64 JRE (1.8.0_152-release-1248-b01), built by "builder" with MS VC++ 10.0 (VS2010)

time: Wed Mar 27 23:26:01 2019
elapsed time: 1084 seconds (0d 0h 18m 4s)

